<?xml version="1.0" encoding="UTF-8"?>
<testng-results ignored="0" total="1" passed="1" failed="0" skipped="0">
  <reporter-output>
  </reporter-output>
  <suite started-at="2023-04-14T14:18:46 IST" name="Default suite" finished-at="2023-04-14T14:18:49 IST" duration-ms="3614">
    <groups>
    </groups>
    <test started-at="2023-04-14T14:18:46 IST" name="Default test" finished-at="2023-04-14T14:18:49 IST" duration-ms="3614">
      <class name="RestTEST.Rest_DeleteMethod">
        <test-method signature="testData()[pri:0, instance:RestTEST.Rest_DeleteMethod@3232a28a]" started-at="2023-04-14T14:18:46 IST" name="testData" finished-at="2023-04-14T14:18:49 IST" duration-ms="3529" status="PASS">
          <reporter-output>
          </reporter-output>
        </test-method> <!-- testData -->
      </class> <!-- RestTEST.Rest_DeleteMethod -->
    </test> <!-- Default test -->
  </suite> <!-- Default suite -->
</testng-results>
